<?xml version="1.0" encoding="UTF-8"?>
<!-- Generated by org.testng.reporters.JUnitReportReporter -->
<testsuite hostname="DESKTOP-3T8H39B" failures="0" tests="1" name="com.sn.Testcases.LoginTest" time="41.429" errors="0" timestamp="2022-05-03T17:11:23 IST" skipped="0">
  <testcase classname="com.sn.Testcases.LoginTest" name="loginTest" time="41.429"/>
  <system-out/>
</testsuite> <!-- com.sn.Testcases.LoginTest -->
