<?xml version="1.0" encoding="UTF-8"?>
<!-- Generated by org.testng.reporters.JUnitReportReporter -->
<testsuite hostname="DESKTOP-3T8H39B" failures="0" tests="2" name="com.sn.Testcases.HomePageTest" time="198.676" errors="0" timestamp="2022-05-05T11:12:56 IST" skipped="0">
  <testcase classname="com.sn.Testcases.HomePageTest" name="SearchIncident" time="108.737"/>
  <system-out/>
  <testcase classname="com.sn.Testcases.HomePageTest" name="verify" time="89.939"/>
  <system-out/>
</testsuite> <!-- com.sn.Testcases.HomePageTest -->
