<?xml version="1.0" encoding="UTF-8"?>
<!-- Generated by org.testng.reporters.JUnitReportReporter -->
<testsuite hostname="DESKTOP-3T8H39B" failures="0" tests="1" name="com.sn.Testcases.ChildIncidentTest" time="184.544" errors="0" timestamp="2022-05-05T13:55:12 IST" skipped="0">
  <testcase classname="com.sn.Testcases.ChildIncidentTest" name="createchildincident" time="184.544"/>
  <system-out/>
</testsuite> <!-- com.sn.Testcases.ChildIncidentTest -->
